[2025-10-16T20:51:13.618+0000] {manager.py:469} INFO - Processing files using up to 1 processes at a time 
[2025-10-16T20:51:13.618+0000] {manager.py:470} INFO - Process each file at most once every 30 seconds
[2025-10-16T20:51:13.618+0000] {manager.py:471} INFO - Checking for new files in /opt/airflow/dags every 300 seconds
[2025-10-16T20:51:13.618+0000] {manager.py:738} INFO - Searching for files in /opt/airflow/dags
[2025-10-16T20:51:13.619+0000] {manager.py:741} INFO - There are 0 files in /opt/airflow/dags
[2025-10-16T20:56:13.629+0000] {manager.py:738} INFO - Searching for files in /opt/airflow/dags
[2025-10-16T20:56:13.630+0000] {manager.py:741} INFO - There are 0 files in /opt/airflow/dags
[2025-10-16T20:59:46.167+0000] {manager.py:469} INFO - Processing files using up to 1 processes at a time 
[2025-10-16T20:59:46.168+0000] {manager.py:470} INFO - Process each file at most once every 30 seconds
[2025-10-16T20:59:46.168+0000] {manager.py:471} INFO - Checking for new files in /opt/airflow/dags every 300 seconds
[2025-10-16T20:59:46.169+0000] {manager.py:738} INFO - Searching for files in /opt/airflow/dags
[2025-10-16T20:59:46.170+0000] {manager.py:741} INFO - There are 0 files in /opt/airflow/dags
[2025-10-16T21:04:46.170+0000] {manager.py:738} INFO - Searching for files in /opt/airflow/dags
[2025-10-16T21:04:46.170+0000] {manager.py:741} INFO - There are 0 files in /opt/airflow/dags
[2025-10-16T21:05:55.527+0000] {manager.py:469} INFO - Processing files using up to 2 processes at a time 
[2025-10-16T21:05:55.528+0000] {manager.py:470} INFO - Process each file at most once every 30 seconds
[2025-10-16T21:05:55.528+0000] {manager.py:471} INFO - Checking for new files in /opt/airflow/dags every 300 seconds
[2025-10-16T21:05:55.528+0000] {manager.py:738} INFO - Searching for files in /opt/airflow/dags
[2025-10-16T21:05:55.529+0000] {manager.py:741} INFO - There are 0 files in /opt/airflow/dags
[2025-10-16T21:09:22.612+0000] {manager.py:469} INFO - Processing files using up to 2 processes at a time 
[2025-10-16T21:09:22.613+0000] {manager.py:470} INFO - Process each file at most once every 30 seconds
[2025-10-16T21:09:22.613+0000] {manager.py:471} INFO - Checking for new files in /opt/airflow/dags every 300 seconds
[2025-10-16T21:09:22.614+0000] {manager.py:738} INFO - Searching for files in /opt/airflow/dags
[2025-10-16T21:09:22.614+0000] {manager.py:741} INFO - There are 0 files in /opt/airflow/dags
[2025-10-16T21:14:23.608+0000] {manager.py:738} INFO - Searching for files in /opt/airflow/dags
[2025-10-16T21:14:23.609+0000] {manager.py:741} INFO - There are 0 files in /opt/airflow/dags
[2025-10-16T21:34:50.331+0000] {manager.py:469} INFO - Processing files using up to 2 processes at a time 
[2025-10-16T21:34:50.350+0000] {manager.py:470} INFO - Process each file at most once every 30 seconds
[2025-10-16T21:34:50.351+0000] {manager.py:471} INFO - Checking for new files in /opt/airflow/dags every 300 seconds
[2025-10-16T21:34:50.351+0000] {manager.py:738} INFO - Searching for files in /opt/airflow/dags
[2025-10-16T21:34:50.352+0000] {manager.py:741} INFO - There are 0 files in /opt/airflow/dags
[2025-10-16T21:39:51.343+0000] {manager.py:738} INFO - Searching for files in /opt/airflow/dags
[2025-10-16T21:39:51.344+0000] {manager.py:741} INFO - There are 0 files in /opt/airflow/dags
[2025-10-16T21:44:52.284+0000] {manager.py:738} INFO - Searching for files in /opt/airflow/dags
[2025-10-16T21:44:52.285+0000] {manager.py:741} INFO - There are 0 files in /opt/airflow/dags
[2025-10-16T21:49:53.227+0000] {manager.py:738} INFO - Searching for files in /opt/airflow/dags
[2025-10-16T21:49:53.227+0000] {manager.py:741} INFO - There are 0 files in /opt/airflow/dags
